This is pdfTeX, Version 3.1415926-2.5-1.40.14 (MiKTeX 2.9 64-bit) (preloaded format=pdflatex 2014.11.6)  20 MAY 2015 15:22
entering extended mode
**Write*Up.tex

("C:\OwnCloud\University Work\Semester 2\Object Oriented Programming\Programmin
g\Accessed\Train Route Finder\documentation\Latex\Write Up.tex"
LaTeX2e <2011/06/27>
Babel <v3.8m> and hyphenation patterns for english, afrikaans, ancientgreek, ar
abic, armenian, assamese, basque, bengali, bokmal, bulgarian, catalan, coptic, 
croatian, czech, danish, dutch, esperanto, estonian, farsi, finnish, french, ga
lician, german, german-x-2013-05-26, greek, gujarati, hindi, hungarian, iceland
ic, indonesian, interlingua, irish, italian, kannada, kurmanji, latin, latvian,
 lithuanian, malayalam, marathi, mongolian, mongolianlmc, monogreek, ngerman, n
german-x-2013-05-26, nynorsk, oriya, panjabi, pinyin, polish, portuguese, roman
ian, russian, sanskrit, serbian, slovak, slovenian, spanish, swedish, swissgerm
an, tamil, telugu, turkish, turkmen, ukenglish, ukrainian, uppersorbian, usengl
ishmax, welsh, loaded.
("C:\Program Files\MiKTeX 2.9\tex\latex\base\article.cls"
Document Class: article 2007/10/19 v1.4h Standard LaTeX document class
("C:\Program Files\MiKTeX 2.9\tex\latex\base\size10.clo"
File: size10.clo 2007/10/19 v1.4h Standard LaTeX file (size option)
)
\c@part=\count79
\c@section=\count80
\c@subsection=\count81
\c@subsubsection=\count82
\c@paragraph=\count83
\c@subparagraph=\count84
\c@figure=\count85
\c@table=\count86
\abovecaptionskip=\skip41
\belowcaptionskip=\skip42
\bibindent=\dimen102
)
("C:\Program Files\MiKTeX 2.9\tex\latex\geometry\geometry.sty"
Package: geometry 2010/09/12 v5.6 Page Geometry

("C:\Program Files\MiKTeX 2.9\tex\latex\graphics\keyval.sty"
Package: keyval 1999/03/16 v1.13 key=value parser (DPC)
\KV@toks@=\toks14
)
("C:\Program Files\MiKTeX 2.9\tex\generic\oberdiek\ifpdf.sty"
Package: ifpdf 2011/01/30 v2.3 Provides the ifpdf switch (HO)
Package ifpdf Info: pdfTeX in PDF mode is detected.
)
("C:\Program Files\MiKTeX 2.9\tex\generic\oberdiek\ifvtex.sty"
Package: ifvtex 2010/03/01 v1.5 Detect VTeX and its facilities (HO)
Package ifvtex Info: VTeX not detected.
)
("C:\Program Files\MiKTeX 2.9\tex\generic\ifxetex\ifxetex.sty"
Package: ifxetex 2010/09/12 v0.6 Provides ifxetex conditional
)
\Gm@cnth=\count87
\Gm@cntv=\count88
\c@Gm@tempcnt=\count89
\Gm@bindingoffset=\dimen103
\Gm@wd@mp=\dimen104
\Gm@odd@mp=\dimen105
\Gm@even@mp=\dimen106
\Gm@layoutwidth=\dimen107
\Gm@layoutheight=\dimen108
\Gm@layouthoffset=\dimen109
\Gm@layoutvoffset=\dimen110
\Gm@dimlist=\toks15

("C:\Program Files\MiKTeX 2.9\tex\latex\geometry\geometry.cfg"))
("C:\Program Files\MiKTeX 2.9\tex\latex\fancyhdr\fancyhdr.sty"
\fancy@headwidth=\skip43
\f@ncyO@elh=\skip44
\f@ncyO@erh=\skip45
\f@ncyO@olh=\skip46
\f@ncyO@orh=\skip47
\f@ncyO@elf=\skip48
\f@ncyO@erf=\skip49
\f@ncyO@olf=\skip50
\f@ncyO@orf=\skip51
)
("C:\Program Files\MiKTeX 2.9\tex\latex\graphics\graphicx.sty"
Package: graphicx 1999/02/16 v1.0f Enhanced LaTeX Graphics (DPC,SPQR)

("C:\Program Files\MiKTeX 2.9\tex\latex\graphics\graphics.sty"
Package: graphics 2009/02/05 v1.0o Standard LaTeX Graphics (DPC,SPQR)

("C:\Program Files\MiKTeX 2.9\tex\latex\graphics\trig.sty"
Package: trig 1999/03/16 v1.09 sin cos tan (DPC)
)
("C:\Program Files\MiKTeX 2.9\tex\latex\00miktex\graphics.cfg"
File: graphics.cfg 2007/01/18 v1.5 graphics configuration of teTeX/TeXLive
)
Package graphics Info: Driver file: pdftex.def on input line 91.

("C:\Program Files\MiKTeX 2.9\tex\latex\pdftex-def\pdftex.def"
File: pdftex.def 2011/05/27 v0.06d Graphics/color for pdfTeX

("C:\Program Files\MiKTeX 2.9\tex\generic\oberdiek\infwarerr.sty"
Package: infwarerr 2010/04/08 v1.3 Providing info/warning/error messages (HO)
)
("C:\Program Files\MiKTeX 2.9\tex\generic\oberdiek\ltxcmds.sty"
Package: ltxcmds 2011/11/09 v1.22 LaTeX kernel commands for general use (HO)
)
\Gread@gobject=\count90
))
\Gin@req@height=\dimen111
\Gin@req@width=\dimen112
)
("C:\Program Files\MiKTeX 2.9\tex\latex\graphics\lscape.sty"
Package: lscape 2000/10/22 v3.01 Landscape Pages (DPC)
)
("C:\Program Files\MiKTeX 2.9\tex\latex\pdfpages\pdfpages.sty"
Package: pdfpages 2013/08/25 v0.4v Insert pages of external PDF documents (AM)

("C:\Program Files\MiKTeX 2.9\tex\latex\base\ifthen.sty"
Package: ifthen 2001/05/26 v1.1c Standard LaTeX ifthen package (DPC)
)
("C:\Program Files\MiKTeX 2.9\tex\latex\tools\calc.sty"
Package: calc 2007/08/22 v4.3 Infix arithmetic (KKT,FJ)
\calc@Acount=\count91
\calc@Bcount=\count92
\calc@Adimen=\dimen113
\calc@Bdimen=\dimen114
\calc@Askip=\skip52
\calc@Bskip=\skip53
LaTeX Info: Redefining \setlength on input line 76.
LaTeX Info: Redefining \addtolength on input line 77.
\calc@Ccount=\count93
\calc@Cskip=\skip54
)
("C:\Program Files\MiKTeX 2.9\tex\latex\eso-pic\eso-pic.sty"
Package: eso-pic 2013/10/06 v2.0d eso-pic (RN)

("C:\Program Files\MiKTeX 2.9\tex\generic\oberdiek\atbegshi.sty"
Package: atbegshi 2011/10/05 v1.16 At begin shipout hook (HO)
)
("C:\Program Files\MiKTeX 2.9\tex\latex\xcolor\xcolor.sty"
Package: xcolor 2007/01/21 v2.11 LaTeX color extensions (UK)

("C:\Program Files\MiKTeX 2.9\tex\latex\00miktex\color.cfg"
File: color.cfg 2007/01/18 v1.5 color configuration of teTeX/TeXLive
)
Package xcolor Info: Driver file: pdftex.def on input line 225.
Package xcolor Info: Model `cmy' substituted by `cmy0' on input line 1337.
Package xcolor Info: Model `hsb' substituted by `rgb' on input line 1341.
Package xcolor Info: Model `RGB' extended on input line 1353.
Package xcolor Info: Model `HTML' substituted by `rgb' on input line 1355.
Package xcolor Info: Model `Hsb' substituted by `hsb' on input line 1356.
Package xcolor Info: Model `tHsb' substituted by `hsb' on input line 1357.
Package xcolor Info: Model `HSB' substituted by `hsb' on input line 1358.
Package xcolor Info: Model `Gray' substituted by `gray' on input line 1359.
Package xcolor Info: Model `wave' substituted by `hsb' on input line 1360.
))
("C:\Program Files\MiKTeX 2.9\tex\latex\pdfpages\pppdftex.def"
File: pppdftex.def 2013/08/25 v0.4v Pdfpages driver for pdfTeX (AM)
)
\AM@pagebox=\box26
\AM@toc@title=\toks16
\c@AM@survey=\count94
\AM@templatesizebox=\box27
)
("C:\OwnCloud\University Work\Semester 2\Object Oriented Programming\Programmin
g\Accessed\Train Route Finder\documentation\Latex\Write Up.aux")
LaTeX Font Info:    Checking defaults for OML/cmm/m/it on input line 16.
LaTeX Font Info:    ... okay on input line 16.
LaTeX Font Info:    Checking defaults for T1/cmr/m/n on input line 16.
LaTeX Font Info:    ... okay on input line 16.
LaTeX Font Info:    Checking defaults for OT1/cmr/m/n on input line 16.
LaTeX Font Info:    ... okay on input line 16.
LaTeX Font Info:    Checking defaults for OMS/cmsy/m/n on input line 16.
LaTeX Font Info:    ... okay on input line 16.
LaTeX Font Info:    Checking defaults for OMX/cmex/m/n on input line 16.
LaTeX Font Info:    ... okay on input line 16.
LaTeX Font Info:    Checking defaults for U/cmr/m/n on input line 16.
LaTeX Font Info:    ... okay on input line 16.

*geometry* driver: auto-detecting
*geometry* detected driver: pdftex
*geometry* verbose mode - [ preamble ] result:
* driver: pdftex
* paper: a4paper
* layout: <same size as paper>
* layoutoffset:(h,v)=(0.0pt,0.0pt)
* modes: 
* h-part:(L,W,R)=(25.29494pt, 546.918pt, 25.29494pt)
* v-part:(T,H,B)=(25.29494pt, 794.45697pt, 25.29494pt)
* \paperwidth=597.50787pt
* \paperheight=845.04684pt
* \textwidth=546.918pt
* \textheight=794.45697pt
* \oddsidemargin=-46.97505pt
* \evensidemargin=-46.97505pt
* \topmargin=-83.97505pt
* \headheight=45.0pt
* \headsep=25.0pt
* \topskip=10.0pt
* \footskip=30.0pt
* \marginparwidth=57.0pt
* \marginparsep=11.0pt
* \columnsep=10.0pt
* \skip\footins=9.0pt plus 4.0pt minus 2.0pt
* \hoffset=0.0pt
* \voffset=0.0pt
* \mag=1000
* \@twocolumnfalse
* \@twosidefalse
* \@mparswitchfalse
* \@reversemarginfalse
* (1in=72.27pt=25.4mm, 1cm=28.453pt)

("C:\Program Files\MiKTeX 2.9\tex\context\base\supp-pdf.mkii"
[Loading MPS to PDF converter (version 2006.09.02).]
\scratchcounter=\count95
\scratchdimen=\dimen115
\scratchbox=\box28
\nofMPsegments=\count96
\nofMParguments=\count97
\everyMPshowfont=\toks17
\MPscratchCnt=\count98
\MPscratchDim=\dimen116
\MPnumerator=\count99
\makeMPintoPDFobject=\count100
\everyMPtoPDFconversion=\toks18
)
\AtBeginShipoutBox=\box29
 <"Cover Sheet".pdf, id=1, 597.19112pt x 844.11362pt>
File: "Cover Sheet".pdf Graphic file (type pdf)
 <use "Cover Sheet".pdf>
Package pdftex.def Info: "Cover Sheet".pdf used on input line 17.
(pdftex.def)             Requested size: 597.18967pt x 844.11156pt.
File: "Cover Sheet".pdf Graphic file (type pdf)

<use "Cover Sheet".pdf>
Package pdftex.def Info: "Cover Sheet".pdf used on input line 17.
(pdftex.def)             Requested size: 597.18967pt x 844.11156pt.

<"Cover Sheet".pdf, id=4, page=1, 597.19112pt x 844.11362pt>
File: "Cover Sheet".pdf Graphic file (type pdf)

<use "Cover Sheet".pdf, page 1>
Package pdftex.def Info: "Cover Sheet".pdf, page1 used on input line 17.
(pdftex.def)             Requested size: 597.18967pt x 844.11156pt.
File: "Cover Sheet".pdf Graphic file (type pdf)
 <use "Cover Sheet".pdf, page 1>
Package pdftex.def Info: "Cover Sheet".pdf, page1 used on input line 17.
(pdftex.def)             Requested size: 597.69084pt x 844.81996pt.
File: "Cover Sheet".pdf Graphic file (type pdf)

<use "Cover Sheet".pdf, page 1>
Package pdftex.def Info: "Cover Sheet".pdf, page1 used on input line 17.
(pdftex.def)             Requested size: 597.69084pt x 844.81996pt.
File: "Cover Sheet".pdf Graphic file (type pdf)
 <use "Cover Sheet".pdf, page 1>
Package pdftex.def Info: "Cover Sheet".pdf, page1 used on input line 17.
(pdftex.def)             Requested size: 597.69084pt x 844.81996pt.
File: "Cover Sheet".pdf Graphic file (type pdf)

<use "Cover Sheet".pdf, page 1>
Package pdftex.def Info: "Cover Sheet".pdf, page1 used on input line 17.
(pdftex.def)             Requested size: 597.69084pt x 844.81996pt.
 [1

 <C:/OwnCloud/University Work/Semester 2/Object Oriented Programming/Programmin
g/Accessed/Train Route Finder/documentation/Latex/Cover Sheet.pdf>]
LaTeX Font Info:    External font `cmex10' loaded for size
(Font)              <12> on input line 20.
LaTeX Font Info:    External font `cmex10' loaded for size
(Font)              <8> on input line 20.
LaTeX Font Info:    External font `cmex10' loaded for size
(Font)              <6> on input line 20.
 [2{C:/ProgramData/MiKTeX/2.9/pdftex/config/pdftex.map}]
<"UML Diagram".png, id=35, 1151.80313pt x 596.2275pt>
File: "UML Diagram".png Graphic file (type png)
 <use "UML Diagram".png>
Package pdftex.def Info: "UML Diagram".png used on input line 27.
(pdftex.def)             Requested size: 748.66318pt x 387.54329pt.

[3 <C:/OwnCloud/University Work/Semester 2/Object Oriented Programming/Programm
ing/Accessed/Train Route Finder/documentation/Latex/UML Diagram.png>]
<screenshots/Validation1.png, id=41, 481.8pt x 105.39375pt>
File: screenshots/Validation1.png Graphic file (type png)

<use screenshots/Validation1.png>
Package pdftex.def Info: screenshots/Validation1.png used on input line 33.
(pdftex.def)             Requested size: 481.79881pt x 105.39348pt.

<screenshots/Validation2.png, id=42, 484.05844pt x 204.01219pt>
File: screenshots/Validation2.png Graphic file (type png)

<use screenshots/Validation2.png>
Package pdftex.def Info: screenshots/Validation2.png used on input line 37.
(pdftex.def)             Requested size: 484.05725pt x 204.01169pt.

<screenshots/Validation3.png, id=43, 480.29437pt x 134.75343pt>
File: screenshots/Validation3.png Graphic file (type png)

<use screenshots/Validation3.png>
Package pdftex.def Info: screenshots/Validation3.png used on input line 41.
(pdftex.def)             Requested size: 480.29318pt x 134.7531pt.

<screenshots/Validation4.png, id=44, 480.29437pt x 141.52875pt>
File: screenshots/Validation4.png Graphic file (type png)

<use screenshots/Validation4.png>
Package pdftex.def Info: screenshots/Validation4.png used on input line 45.
(pdftex.def)             Requested size: 480.29318pt x 141.5284pt.

<screenshots/Validation5.png, id=45, 482.55281pt x 137.7647pt>
File: screenshots/Validation5.png Graphic file (type png)

<use screenshots/Validation5.png>
Package pdftex.def Info: screenshots/Validation5.png used on input line 49.
(pdftex.def)             Requested size: 482.55162pt x 137.76434pt.
 [4 <C:/OwnCloud/University Work/Semester 2/Object Oriented Programming/Program
ming/Accessed/Train Route Finder/documentation/Latex/screenshots/Validation1.pn
g> <C:/OwnCloud/University Work/Semester 2/Object Oriented Programming/Programm
ing/Accessed/Train Route Finder/documentation/Latex/screenshots/Validation2.png
> <C:/OwnCloud/University Work/Semester 2/Object Oriented Programming/Programmi
ng/Accessed/Train Route Finder/documentation/Latex/screenshots/Validation3.png>
 <C:/OwnCloud/University Work/Semester 2/Object Oriented Programming/Programmin
g/Accessed/Train Route Finder/documentation/Latex/screenshots/Validation4.png>]

<screenshots/Validation6.png, id=54, 481.8pt x 132.495pt>
File: screenshots/Validation6.png Graphic file (type png)

<use screenshots/Validation6.png>
Package pdftex.def Info: screenshots/Validation6.png used on input line 53.
(pdftex.def)             Requested size: 481.79881pt x 132.49466pt.

<screenshots/Validation7.png, id=55, 479.54156pt x 184.43906pt>
File: screenshots/Validation7.png Graphic file (type png)

<use screenshots/Validation7.png>
Package pdftex.def Info: screenshots/Validation7.png used on input line 57.
(pdftex.def)             Requested size: 479.54039pt x 184.4386pt.

<screenshots/Functionality1.png, id=56, 484.05844pt x 100.12407pt>
File: screenshots/Functionality1.png Graphic file (type png)

<use screenshots/Functionality1.png>
Package pdftex.def Info: screenshots/Functionality1.png used on input line 63.
(pdftex.def)             Requested size: 484.05725pt x 100.12381pt.

<screenshots/Functionality2.png, id=57, 481.04718pt x 127.22531pt>
File: screenshots/Functionality2.png Graphic file (type png)

<use screenshots/Functionality2.png>
Package pdftex.def Info: screenshots/Functionality2.png used on input line 67.
(pdftex.def)             Requested size: 481.046pt x 127.22499pt.
 [5 <C:/OwnCloud/University Work/Semester 2/Object Oriented Programming/Program
ming/Accessed/Train Route Finder/documentation/Latex/screenshots/Validation5.pn
g> <C:/OwnCloud/University Work/Semester 2/Object Oriented Programming/Programm
ing/Accessed/Train Route Finder/documentation/Latex/screenshots/Validation6.png
> <C:/OwnCloud/University Work/Semester 2/Object Oriented Programming/Programmi
ng/Accessed/Train Route Finder/documentation/Latex/screenshots/Validation7.png>
 <C:/OwnCloud/University Work/Semester 2/Object Oriented Programming/Programmin
g/Accessed/Train Route Finder/documentation/Latex/screenshots/Functionality1.pn
g>]
<screenshots/Functionality3.png, id=65, 481.04718pt x 141.52875pt>
File: screenshots/Functionality3.png Graphic file (type png)

<use screenshots/Functionality3.png>
Package pdftex.def Info: screenshots/Functionality3.png used on input line 71.
(pdftex.def)             Requested size: 481.046pt x 141.5284pt.

<screenshots/Functionality4.png, id=66, 481.8pt x 140.77594pt>
File: screenshots/Functionality4.png Graphic file (type png)

<use screenshots/Functionality4.png>
Package pdftex.def Info: screenshots/Functionality4.png used on input line 75.
(pdftex.def)             Requested size: 481.79881pt x 140.77557pt.

<screenshots/Functionality5.png, id=67, 481.8pt x 163.3603pt>
File: screenshots/Functionality5.png Graphic file (type png)

<use screenshots/Functionality5.png>
Package pdftex.def Info: screenshots/Functionality5.png used on input line 79.
(pdftex.def)             Requested size: 481.79881pt x 163.3599pt.

<screenshots/Functionality6.png, id=68, 480.29437pt x 197.98969pt>
File: screenshots/Functionality6.png Graphic file (type png)

<use screenshots/Functionality6.png>
Package pdftex.def Info: screenshots/Functionality6.png used on input line 83.
(pdftex.def)             Requested size: 480.29318pt x 197.9892pt.
 [6 <C:/OwnCloud/University Work/Semester 2/Object Oriented Programming/Program
ming/Accessed/Train Route Finder/documentation/Latex/screenshots/Functionality2
.png> <C:/OwnCloud/University Work/Semester 2/Object Oriented Programming/Progr
amming/Accessed/Train Route Finder/documentation/Latex/screenshots/Functionalit
y3.png> <C:/OwnCloud/University Work/Semester 2/Object Oriented Programming/Pro
gramming/Accessed/Train Route Finder/documentation/Latex/screenshots/Functional
ity4.png> <C:/OwnCloud/University Work/Semester 2/Object Oriented Programming/P
rogramming/Accessed/Train Route Finder/documentation/Latex/screenshots/Function
ality5.png>]
<screenshots/Functionality7.png, id=76, 479.54156pt x 352.31625pt>
File: screenshots/Functionality7.png Graphic file (type png)

<use screenshots/Functionality7.png>
Package pdftex.def Info: screenshots/Functionality7.png used on input line 87.
(pdftex.def)             Requested size: 479.54039pt x 352.31538pt.
 [7 <C:/OwnCloud/University Work/Semester 2/Object Oriented Programming/Program
ming/Accessed/Train Route Finder/documentation/Latex/screenshots/Functionality6
.png> <C:/OwnCloud/University Work/Semester 2/Object Oriented Programming/Progr
amming/Accessed/Train Route Finder/documentation/Latex/screenshots/Functionalit
y7.png>]
<screenshots/Functionality8.png, id=83, 480.29437pt x 208.52907pt>
File: screenshots/Functionality8.png Graphic file (type png)

<use screenshots/Functionality8.png>
Package pdftex.def Info: screenshots/Functionality8.png used on input line 92.
(pdftex.def)             Requested size: 480.29318pt x 208.52855pt.

<screenshots/Functionality9.png, id=84, 480.29437pt x 207.77625pt>
File: screenshots/Functionality9.png Graphic file (type png)

<use screenshots/Functionality9.png>
Package pdftex.def Info: screenshots/Functionality9.png used on input line 96.
(pdftex.def)             Requested size: 480.29318pt x 207.77573pt.

<screenshots/Functionality10.png, id=85, 481.8pt x 208.52907pt>
File: screenshots/Functionality10.png Graphic file (type png)

<use screenshots/Functionality10.png>
Package pdftex.def Info: screenshots/Functionality10.png used on input line 100
.
(pdftex.def)             Requested size: 481.79881pt x 208.52855pt.

<screenshots/Functionality11.png, id=86, 481.8pt x 208.52907pt>
File: screenshots/Functionality11.png Graphic file (type png)

<use screenshots/Functionality11.png>
Package pdftex.def Info: screenshots/Functionality11.png used on input line 104
.
(pdftex.def)             Requested size: 481.79881pt x 208.52855pt.
 [8 <C:/OwnCloud/University Work/Semester 2/Object Oriented Programming/Program
ming/Accessed/Train Route Finder/documentation/Latex/screenshots/Functionality8
.png> <C:/OwnCloud/University Work/Semester 2/Object Oriented Programming/Progr
amming/Accessed/Train Route Finder/documentation/Latex/screenshots/Functionalit
y9.png> <C:/OwnCloud/University Work/Semester 2/Object Oriented Programming/Pro
gramming/Accessed/Train Route Finder/documentation/Latex/screenshots/Functional
ity10.png>]
<screenshots/Functionality12.png, id=93, 481.04718pt x 207.77625pt>
File: screenshots/Functionality12.png Graphic file (type png)

<use screenshots/Functionality12.png>
Package pdftex.def Info: screenshots/Functionality12.png used on input line 108
.
(pdftex.def)             Requested size: 481.046pt x 207.77573pt.

<screenshots/Functionality13.png, id=94, 481.8pt x 150.5625pt>
File: screenshots/Functionality13.png Graphic file (type png)

<use screenshots/Functionality13.png>
Package pdftex.def Info: screenshots/Functionality13.png used on input line 112
.
(pdftex.def)             Requested size: 481.79881pt x 150.56212pt.

<screenshots/Functionality14.png, id=95, 316.18124pt x 127.97812pt>
File: screenshots/Functionality14.png Graphic file (type png)

<use screenshots/Functionality14.png>
Package pdftex.def Info: screenshots/Functionality14.png used on input line 116
.
(pdftex.def)             Requested size: 316.18047pt x 127.9778pt.

<screenshots/Functionality15.png, id=96, 486.31688pt x 105.39375pt>
File: screenshots/Functionality15.png Graphic file (type png)

<use screenshots/Functionality15.png>
Package pdftex.def Info: screenshots/Functionality15.png used on input line 120
.
(pdftex.def)             Requested size: 486.31569pt x 105.39348pt.
 [9 <C:/OwnCloud/University Work/Semester 2/Object Oriented Programming/Program
ming/Accessed/Train Route Finder/documentation/Latex/screenshots/Functionality1
1.png> <C:/OwnCloud/University Work/Semester 2/Object Oriented Programming/Prog
ramming/Accessed/Train Route Finder/documentation/Latex/screenshots/Functionali
ty12.png> <C:/OwnCloud/University Work/Semester 2/Object Oriented Programming/P
rogramming/Accessed/Train Route Finder/documentation/Latex/screenshots/Function
ality13.png> <C:/OwnCloud/University Work/Semester 2/Object Oriented Programmin
g/Programming/Accessed/Train Route Finder/documentation/Latex/screenshots/Funct
ionality14.png>]
<screenshots/Functionality16.png, id=104, 487.06969pt x 115.18031pt>
File: screenshots/Functionality16.png Graphic file (type png)

<use screenshots/Functionality16.png>
Package pdftex.def Info: screenshots/Functionality16.png used on input line 124
.
(pdftex.def)             Requested size: 487.06848pt x 115.18001pt.

<screenshots/Functionality17.png, id=105, 484.05844pt x 112.92188pt>
File: screenshots/Functionality17.png Graphic file (type png)

<use screenshots/Functionality17.png>
Package pdftex.def Info: screenshots/Functionality17.png used on input line 128
.
(pdftex.def)             Requested size: 484.05725pt x 112.92159pt.

<screenshots/Functionality18.png, id=106, 484.05844pt x 97.86563pt>
File: screenshots/Functionality18.png Graphic file (type png)

<use screenshots/Functionality18.png>
Package pdftex.def Info: screenshots/Functionality18.png used on input line 132
.
(pdftex.def)             Requested size: 484.05725pt x 97.86537pt.

<screenshots/Functionality19.png, id=107, 481.8pt x 76.03406pt>
File: screenshots/Functionality19.png Graphic file (type png)

<use screenshots/Functionality19.png>
Package pdftex.def Info: screenshots/Functionality19.png used on input line 136
.
(pdftex.def)             Requested size: 481.79881pt x 76.03386pt.

<screenshots/Functionality20.png, id=108, 484.81125pt x 161.10187pt>
File: screenshots/Functionality20.png Graphic file (type png)

<use screenshots/Functionality20.png>
Package pdftex.def Info: screenshots/Functionality20.png used on input line 140
.
(pdftex.def)             Requested size: 484.81006pt x 161.10147pt.

<screenshots/Functionality21.png, id=109, 483.30562pt x 103.13531pt>
File: screenshots/Functionality21.png Graphic file (type png)

<use screenshots/Functionality21.png>
Package pdftex.def Info: screenshots/Functionality21.png used on input line 144
.
(pdftex.def)             Requested size: 483.30444pt x 103.13504pt.
 [10 <C:/OwnCloud/University Work/Semester 2/Object Oriented Programming/Progra
mming/Accessed/Train Route Finder/documentation/Latex/screenshots/Functionality
15.png> <C:/OwnCloud/University Work/Semester 2/Object Oriented Programming/Pro
gramming/Accessed/Train Route Finder/documentation/Latex/screenshots/Functional
ity16.png> <C:/OwnCloud/University Work/Semester 2/Object Oriented Programming/
Programming/Accessed/Train Route Finder/documentation/Latex/screenshots/Functio
nality17.png> <C:/OwnCloud/University Work/Semester 2/Object Oriented Programmi
ng/Programming/Accessed/Train Route Finder/documentation/Latex/screenshots/Func
tionality18.png> <C:/OwnCloud/University Work/Semester 2/Object Oriented Progra
mming/Programming/Accessed/Train Route Finder/documentation/Latex/screenshots/F
unctionality19.png> <C:/OwnCloud/University Work/Semester 2/Object Oriented Pro
gramming/Programming/Accessed/Train Route Finder/documentation/Latex/screenshot
s/Functionality20.png>]
LaTeX Font Info:    External font `cmex10' loaded for size
(Font)              <7> on input line 151.
LaTeX Font Info:    External font `cmex10' loaded for size
(Font)              <5> on input line 151.

Overfull \hbox (5.87466pt too wide) in paragraph at lines 153--153
[]\OT1/cmr/bx/n/10 Y(Complete)
 []


Underfull \hbox (badness 10000) in paragraph at lines 153--153
\OT1/cmr/bx/n/10 P(Partial)
 []

[11 <C:/OwnCloud/University Work/Semester 2/Object Oriented Programming/Program
ming/Accessed/Train Route Finder/documentation/Latex/screenshots/Functionality2
1.png>]
("C:\OwnCloud\University Work\Semester 2\Object Oriented Programming\Programmin
g\Accessed\Train Route Finder\documentation\Latex\Write Up.aux") ) 
Here is how much of TeX's memory you used:
 3165 strings out of 493921
 46702 string characters out of 3147285
 111076 words of memory out of 3000000
 6415 multiletter control sequences out of 15000+200000
 8241 words of font info for 29 fonts, out of 3000000 for 9000
 841 hyphenation exceptions out of 8191
 38i,18n,43p,926b,416s stack positions out of 5000i,500n,10000p,200000b,50000s
<C:/Program F
iles/MiKTeX 2.9/fonts/type1/public/amsfonts/cm/cmbx10.pfb><C:/Program Files/MiK
TeX 2.9/fonts/type1/public/amsfonts/cm/cmbx12.pfb><C:/Program Files/MiKTeX 2.9/
fonts/type1/public/amsfonts/cm/cmr10.pfb><C:/Program Files/MiKTeX 2.9/fonts/typ
e1/public/amsfonts/cm/cmr12.pfb><C:/Program Files/MiKTeX 2.9/fonts/type1/public
/amsfonts/cm/cmr17.pfb><C:/Program Files/MiKTeX 2.9/fonts/type1/public/amsfonts
/cm/cmti10.pfb>
Output written on "Write Up.pdf" (11 pages, 858143 bytes).
PDF statistics:
 144 PDF objects out of 1000 (max. 8388607)
 0 named destinations out of 1000 (max. 500000)
 166 words of extra memory for PDF output out of 10000 (max. 10000000)

